{"total": {"lines":{"total":84,"covered":74,"skipped":0,"pct":88.09},"statements":{"total":89,"covered":77,"skipped":0,"pct":86.51},"functions":{"total":18,"covered":17,"skipped":0,"pct":94.44},"branches":{"total":46,"covered":35,"skipped":0,"pct":76.08},"branchesTrue":{"total":0,"covered":0,"skipped":0,"pct":100}}
,"/Users/ekokareva/Hexlet/qa-auto-engineer-javascript-project-87/src/index.js": {"lines":{"total":27,"covered":26,"skipped":0,"pct":96.29},"functions":{"total":6,"covered":6,"skipped":0,"pct":100},"statements":{"total":27,"covered":26,"skipped":0,"pct":96.29},"branches":{"total":11,"covered":9,"skipped":0,"pct":81.81}}
,"/Users/ekokareva/Hexlet/qa-auto-engineer-javascript-project-87/src/parsers.js": {"lines":{"total":6,"covered":5,"skipped":0,"pct":83.33},"functions":{"total":1,"covered":1,"skipped":0,"pct":100},"statements":{"total":6,"covered":5,"skipped":0,"pct":83.33},"branches":{"total":2,"covered":1,"skipped":0,"pct":50}}
,"/Users/ekokareva/Hexlet/qa-auto-engineer-javascript-project-87/src/formatters/index.js": {"lines":{"total":6,"covered":6,"skipped":0,"pct":100},"functions":{"total":1,"covered":1,"skipped":0,"pct":100},"statements":{"total":6,"covered":6,"skipped":0,"pct":100},"branches":{"total":4,"covered":4,"skipped":0,"pct":100}}
,"/Users/ekokareva/Hexlet/qa-auto-engineer-javascript-project-87/src/formatters/json.js": {"lines":{"total":12,"covered":12,"skipped":0,"pct":100},"functions":{"total":2,"covered":2,"skipped":0,"pct":100},"statements":{"total":12,"covered":12,"skipped":0,"pct":100},"branches":{"total":4,"covered":4,"skipped":0,"pct":100}}
,"/Users/ekokareva/Hexlet/qa-auto-engineer-javascript-project-87/src/formatters/plain.js": {"lines":{"total":14,"covered":12,"skipped":0,"pct":85.71},"functions":{"total":3,"covered":3,"skipped":0,"pct":100},"statements":{"total":15,"covered":12,"skipped":0,"pct":80},"branches":{"total":13,"covered":8,"skipped":0,"pct":61.53}}
,"/Users/ekokareva/Hexlet/qa-auto-engineer-javascript-project-87/src/formatters/stylish.js": {"lines":{"total":19,"covered":13,"skipped":0,"pct":68.42},"functions":{"total":5,"covered":4,"skipped":0,"pct":80},"statements":{"total":23,"covered":16,"skipped":0,"pct":69.56},"branches":{"total":12,"covered":9,"skipped":0,"pct":75}}
}
