{"/Users/ekokareva/Hexlet/qa-auto-engineer-javascript-project-87/src/index.js": {"path":"/Users/ekokareva/Hexlet/qa-auto-engineer-javascript-project-87/src/index.js","statementMap":{"0":{"start":{"line":7,"column":17},"end":{"line":10,"column":1}},"1":{"start":{"line":8,"column":19},"end":{"line":8,"column":51}},"2":{"start":{"line":9,"column":2},"end":{"line":9,"column":40}},"3":{"start":{"line":12,"column":18},"end":{"line":15,"column":1}},"4":{"start":{"line":13,"column":16},"end":{"line":13,"column":35}},"5":{"start":{"line":14,"column":2},"end":{"line":14,"column":20}},"6":{"start":{"line":17,"column":27},"end":{"line":21,"column":1}},"7":{"start":{"line":18,"column":15},"end":{"line":18,"column":33}},"8":{"start":{"line":19,"column":19},"end":{"line":19,"column":36}},"9":{"start":{"line":20,"column":2},"end":{"line":20,"column":34}},"10":{"start":{"line":23,"column":16},"end":{"line":53,"column":1}},"11":{"start":{"line":24,"column":15},"end":{"line":24,"column":60}},"12":{"start":{"line":25,"column":2},"end":{"line":52,"column":4}},"13":{"start":{"line":26,"column":4},"end":{"line":28,"column":5}},"14":{"start":{"line":27,"column":6},"end":{"line":27,"column":55}},"15":{"start":{"line":29,"column":4},"end":{"line":31,"column":5}},"16":{"start":{"line":30,"column":6},"end":{"line":30,"column":53}},"17":{"start":{"line":33,"column":19},"end":{"line":33,"column":28}},"18":{"start":{"line":34,"column":19},"end":{"line":34,"column":28}},"19":{"start":{"line":35,"column":4},"end":{"line":41,"column":5}},"20":{"start":{"line":36,"column":6},"end":{"line":40,"column":7}},"21":{"start":{"line":43,"column":4},"end":{"line":50,"column":5}},"22":{"start":{"line":44,"column":6},"end":{"line":49,"column":7}},"23":{"start":{"line":51,"column":4},"end":{"line":51,"column":52}},"24":{"start":{"line":55,"column":28},"end":{"line":58,"column":1}},"25":{"start":{"line":56,"column":15},"end":{"line":56,"column":34}},"26":{"start":{"line":57,"column":2},"end":{"line":57,"column":33}}},"fnMap":{"0":{"name":"(anonymous_0)","decl":{"start":{"line":7,"column":17},"end":{"line":7,"column":18}},"loc":{"start":{"line":7,"column":31},"end":{"line":10,"column":1}},"line":7},"1":{"name":"(anonymous_1)","decl":{"start":{"line":12,"column":18},"end":{"line":12,"column":19}},"loc":{"start":{"line":12,"column":38},"end":{"line":15,"column":1}},"line":12},"2":{"name":"(anonymous_2)","decl":{"start":{"line":17,"column":27},"end":{"line":17,"column":28}},"loc":{"start":{"line":17,"column":41},"end":{"line":21,"column":1}},"line":17},"3":{"name":"(anonymous_3)","decl":{"start":{"line":23,"column":16},"end":{"line":23,"column":17}},"loc":{"start":{"line":23,"column":32},"end":{"line":53,"column":1}},"line":23},"4":{"name":"(anonymous_4)","decl":{"start":{"line":25,"column":32},"end":{"line":25,"column":33}},"loc":{"start":{"line":25,"column":41},"end":{"line":52,"column":3}},"line":25},"5":{"name":"(anonymous_5)","decl":{"start":{"line":55,"column":28},"end":{"line":55,"column":29}},"loc":{"start":{"line":55,"column":64},"end":{"line":58,"column":1}},"line":55}},"branchMap":{"0":{"loc":{"start":{"line":26,"column":4},"end":{"line":28,"column":5}},"type":"if","locations":[{"start":{"line":26,"column":4},"end":{"line":28,"column":5}},{"start":{},"end":{}}],"line":26},"1":{"loc":{"start":{"line":29,"column":4},"end":{"line":31,"column":5}},"type":"if","locations":[{"start":{"line":29,"column":4},"end":{"line":31,"column":5}},{"start":{},"end":{}}],"line":29},"2":{"loc":{"start":{"line":35,"column":4},"end":{"line":41,"column":5}},"type":"if","locations":[{"start":{"line":35,"column":4},"end":{"line":41,"column":5}},{"start":{},"end":{}}],"line":35},"3":{"loc":{"start":{"line":35,"column":8},"end":{"line":35,"column":48}},"type":"binary-expr","locations":[{"start":{"line":35,"column":8},"end":{"line":35,"column":26}},{"start":{"line":35,"column":30},"end":{"line":35,"column":48}}],"line":35},"4":{"loc":{"start":{"line":43,"column":4},"end":{"line":50,"column":5}},"type":"if","locations":[{"start":{"line":43,"column":4},"end":{"line":50,"column":5}},{"start":{},"end":{}}],"line":43},"5":{"loc":{"start":{"line":55,"column":41},"end":{"line":55,"column":59}},"type":"default-arg","locations":[{"start":{"line":55,"column":50},"end":{"line":55,"column":59}}],"line":55}},"s":{"0":1,"1":4,"2":4,"3":1,"4":4,"5":4,"6":1,"7":4,"8":4,"9":4,"10":1,"11":14,"12":14,"13":52,"14":20,"15":32,"16":10,"17":22,"18":22,"19":22,"20":0,"21":22,"22":10,"23":12,"24":1,"25":14,"26":14},"f":{"0":4,"1":4,"2":4,"3":14,"4":52,"5":14},"b":{"0":[20,32],"1":[10,22],"2":[0,22],"3":[22,0],"4":[10,12],"5":[6]},"_coverageSchema":"1a1c01bbd47fc00a2c39e90264f33305004495a9","hash":"22e86a4ee13c9cd2060984e2dd8d99213f762eeb"}
,"/Users/ekokareva/Hexlet/qa-auto-engineer-javascript-project-87/src/parsers.js": {"path":"/Users/ekokareva/Hexlet/qa-auto-engineer-javascript-project-87/src/parsers.js","statementMap":{"0":{"start":{"line":3,"column":16},"end":{"line":7,"column":1}},"1":{"start":{"line":9,"column":25},"end":{"line":15,"column":1}},"2":{"start":{"line":10,"column":17},"end":{"line":10,"column":34}},"3":{"start":{"line":11,"column":2},"end":{"line":13,"column":3}},"4":{"start":{"line":12,"column":4},"end":{"line":12,"column":59}},"5":{"start":{"line":14,"column":2},"end":{"line":14,"column":15}}},"fnMap":{"0":{"name":"(anonymous_0)","decl":{"start":{"line":9,"column":25},"end":{"line":9,"column":26}},"loc":{"start":{"line":9,"column":39},"end":{"line":15,"column":1}},"line":9}},"branchMap":{"0":{"loc":{"start":{"line":11,"column":2},"end":{"line":13,"column":3}},"type":"if","locations":[{"start":{"line":11,"column":2},"end":{"line":13,"column":3}},{"start":{},"end":{}}],"line":11}},"s":{"0":1,"1":1,"2":4,"3":4,"4":0,"5":4},"f":{"0":4},"b":{"0":[0,4]},"_coverageSchema":"1a1c01bbd47fc00a2c39e90264f33305004495a9","hash":"99d45408f066cc5667d4c1375dc142c6f36b2008"}
,"/Users/ekokareva/Hexlet/qa-auto-engineer-javascript-project-87/src/formatters/index.js": {"path":"/Users/ekokareva/Hexlet/qa-auto-engineer-javascript-project-87/src/formatters/index.js","statementMap":{"0":{"start":{"line":5,"column":26},"end":{"line":16,"column":1}},"1":{"start":{"line":6,"column":2},"end":{"line":15,"column":3}},"2":{"start":{"line":8,"column":6},"end":{"line":8,"column":26}},"3":{"start":{"line":10,"column":6},"end":{"line":10,"column":24}},"4":{"start":{"line":12,"column":6},"end":{"line":12,"column":23}},"5":{"start":{"line":14,"column":6},"end":{"line":14,"column":54}}},"fnMap":{"0":{"name":"(anonymous_0)","decl":{"start":{"line":5,"column":26},"end":{"line":5,"column":27}},"loc":{"start":{"line":5,"column":44},"end":{"line":16,"column":1}},"line":5}},"branchMap":{"0":{"loc":{"start":{"line":6,"column":2},"end":{"line":15,"column":3}},"type":"switch","locations":[{"start":{"line":7,"column":4},"end":{"line":8,"column":26}},{"start":{"line":9,"column":4},"end":{"line":10,"column":24}},{"start":{"line":11,"column":4},"end":{"line":12,"column":23}},{"start":{"line":13,"column":4},"end":{"line":14,"column":54}}],"line":6}},"s":{"0":1,"1":14,"2":8,"3":2,"4":2,"5":2},"f":{"0":14},"b":{"0":[8,2,2,2]},"_coverageSchema":"1a1c01bbd47fc00a2c39e90264f33305004495a9","hash":"7f3d1039cf31af0d845daa6a6c78336796233ec7"}
,"/Users/ekokareva/Hexlet/qa-auto-engineer-javascript-project-87/src/formatters/json.js": {"path":"/Users/ekokareva/Hexlet/qa-auto-engineer-javascript-project-87/src/formatters/json.js","statementMap":{"0":{"start":{"line":2,"column":19},"end":{"line":31,"column":1}},"1":{"start":{"line":3,"column":17},"end":{"line":7,"column":3}},"2":{"start":{"line":9,"column":2},"end":{"line":28,"column":4}},"3":{"start":{"line":10,"column":4},"end":{"line":27,"column":5}},"4":{"start":{"line":12,"column":8},"end":{"line":12,"column":37}},"5":{"start":{"line":13,"column":8},"end":{"line":13,"column":13}},"6":{"start":{"line":15,"column":8},"end":{"line":15,"column":53}},"7":{"start":{"line":16,"column":8},"end":{"line":16,"column":13}},"8":{"start":{"line":18,"column":8},"end":{"line":23,"column":10}},"9":{"start":{"line":24,"column":8},"end":{"line":24,"column":13}},"10":{"start":{"line":26,"column":8},"end":{"line":26,"column":13}},"11":{"start":{"line":30,"column":2},"end":{"line":30,"column":40}}},"fnMap":{"0":{"name":"(anonymous_0)","decl":{"start":{"line":2,"column":19},"end":{"line":2,"column":20}},"loc":{"start":{"line":2,"column":29},"end":{"line":31,"column":1}},"line":2},"1":{"name":"(anonymous_1)","decl":{"start":{"line":9,"column":15},"end":{"line":9,"column":16}},"loc":{"start":{"line":9,"column":25},"end":{"line":28,"column":3}},"line":9}},"branchMap":{"0":{"loc":{"start":{"line":10,"column":4},"end":{"line":27,"column":5}},"type":"switch","locations":[{"start":{"line":11,"column":6},"end":{"line":13,"column":13}},{"start":{"line":14,"column":6},"end":{"line":16,"column":13}},{"start":{"line":17,"column":6},"end":{"line":24,"column":13}},{"start":{"line":25,"column":6},"end":{"line":26,"column":13}}],"line":10}},"s":{"0":1,"1":2,"2":2,"3":10,"4":4,"5":4,"6":2,"7":2,"8":2,"9":2,"10":2,"11":2},"f":{"0":2,"1":10},"b":{"0":[4,2,2,2]},"_coverageSchema":"1a1c01bbd47fc00a2c39e90264f33305004495a9","hash":"a0c4a9aceff5d321d7e7dbe5cb7b1664cb45ec70"}
,"/Users/ekokareva/Hexlet/qa-auto-engineer-javascript-project-87/src/formatters/plain.js": {"path":"/Users/ekokareva/Hexlet/qa-auto-engineer-javascript-project-87/src/formatters/plain.js","statementMap":{"0":{"start":{"line":3,"column":20},"end":{"line":6,"column":1}},"1":{"start":{"line":4,"column":2},"end":{"line":4,"column":49}},"2":{"start":{"line":4,"column":25},"end":{"line":4,"column":49}},"3":{"start":{"line":5,"column":2},"end":{"line":5,"column":57}},"4":{"start":{"line":8,"column":20},"end":{"line":27,"column":1}},"5":{"start":{"line":9,"column":16},"end":{"line":25,"column":4}},"6":{"start":{"line":10,"column":23},"end":{"line":10,"column":72}},"7":{"start":{"line":11,"column":4},"end":{"line":24,"column":5}},"8":{"start":{"line":13,"column":8},"end":{"line":13,"column":122}},"9":{"start":{"line":15,"column":8},"end":{"line":15,"column":53}},"10":{"start":{"line":17,"column":8},"end":{"line":17,"column":90}},"11":{"start":{"line":19,"column":8},"end":{"line":19,"column":53}},"12":{"start":{"line":21,"column":8},"end":{"line":21,"column":17}},"13":{"start":{"line":23,"column":8},"end":{"line":23,"column":53}},"14":{"start":{"line":26,"column":2},"end":{"line":26,"column":25}}},"fnMap":{"0":{"name":"(anonymous_0)","decl":{"start":{"line":3,"column":20},"end":{"line":3,"column":21}},"loc":{"start":{"line":3,"column":31},"end":{"line":6,"column":1}},"line":3},"1":{"name":"(anonymous_1)","decl":{"start":{"line":8,"column":20},"end":{"line":8,"column":21}},"loc":{"start":{"line":8,"column":46},"end":{"line":27,"column":1}},"line":8},"2":{"name":"(anonymous_2)","decl":{"start":{"line":9,"column":29},"end":{"line":9,"column":30}},"loc":{"start":{"line":9,"column":39},"end":{"line":25,"column":3}},"line":9}},"branchMap":{"0":{"loc":{"start":{"line":4,"column":2},"end":{"line":4,"column":49}},"type":"if","locations":[{"start":{"line":4,"column":2},"end":{"line":4,"column":49}},{"start":{},"end":{}}],"line":4},"1":{"loc":{"start":{"line":5,"column":9},"end":{"line":5,"column":57}},"type":"cond-expr","locations":[{"start":{"line":5,"column":37},"end":{"line":5,"column":49}},{"start":{"line":5,"column":52},"end":{"line":5,"column":57}}],"line":5},"2":{"loc":{"start":{"line":8,"column":27},"end":{"line":8,"column":41}},"type":"default-arg","locations":[{"start":{"line":8,"column":39},"end":{"line":8,"column":41}}],"line":8},"3":{"loc":{"start":{"line":10,"column":23},"end":{"line":10,"column":72}},"type":"cond-expr","locations":[{"start":{"line":10,"column":35},"end":{"line":10,"column":61}},{"start":{"line":10,"column":64},"end":{"line":10,"column":72}}],"line":10},"4":{"loc":{"start":{"line":11,"column":4},"end":{"line":24,"column":5}},"type":"switch","locations":[{"start":{"line":12,"column":6},"end":{"line":13,"column":122}},{"start":{"line":14,"column":6},"end":{"line":15,"column":53}},{"start":{"line":16,"column":6},"end":{"line":17,"column":90}},{"start":{"line":18,"column":6},"end":{"line":19,"column":53}},{"start":{"line":20,"column":6},"end":{"line":21,"column":17}},{"start":{"line":22,"column":6},"end":{"line":23,"column":53}}],"line":11}},"s":{"0":1,"1":6,"2":0,"3":6,"4":1,"5":2,"6":10,"7":10,"8":2,"9":0,"10":2,"11":4,"12":2,"13":0,"14":2},"f":{"0":6,"1":2,"2":10},"b":{"0":[0,6],"1":[0,6],"2":[2],"3":[0,10],"4":[2,0,2,4,2,0]},"_coverageSchema":"1a1c01bbd47fc00a2c39e90264f33305004495a9","hash":"a15396806bd78c23e6d08a97d06d78ad7102a4fb"}
,"/Users/ekokareva/Hexlet/qa-auto-engineer-javascript-project-87/src/formatters/stylish.js": {"path":"/Users/ekokareva/Hexlet/qa-auto-engineer-javascript-project-87/src/formatters/stylish.js","statementMap":{"0":{"start":{"line":3,"column":19},"end":{"line":3,"column":80}},"1":{"start":{"line":3,"column":46},"end":{"line":3,"column":80}},"2":{"start":{"line":5,"column":18},"end":{"line":12,"column":1}},"3":{"start":{"line":6,"column":2},"end":{"line":6,"column":38}},"4":{"start":{"line":6,"column":26},"end":{"line":6,"column":38}},"5":{"start":{"line":8,"column":18},"end":{"line":8,"column":39}},"6":{"start":{"line":9,"column":17},"end":{"line":9,"column":38}},"7":{"start":{"line":10,"column":15},"end":{"line":10,"column":96}},"8":{"start":{"line":10,"column":39},"end":{"line":10,"column":84}},"9":{"start":{"line":11,"column":2},"end":{"line":11,"column":46}},"10":{"start":{"line":14,"column":16},"end":{"line":39,"column":1}},"11":{"start":{"line":15,"column":2},"end":{"line":15,"column":36}},"12":{"start":{"line":15,"column":25},"end":{"line":15,"column":36}},"13":{"start":{"line":16,"column":17},"end":{"line":16,"column":34}},"14":{"start":{"line":18,"column":16},"end":{"line":36,"column":4}},"15":{"start":{"line":19,"column":4},"end":{"line":35,"column":5}},"16":{"start":{"line":21,"column":8},"end":{"line":21,"column":77}},"17":{"start":{"line":23,"column":8},"end":{"line":26,"column":20}},"18":{"start":{"line":28,"column":8},"end":{"line":28,"column":72}},"19":{"start":{"line":30,"column":8},"end":{"line":30,"column":72}},"20":{"start":{"line":32,"column":8},"end":{"line":32,"column":72}},"21":{"start":{"line":34,"column":8},"end":{"line":34,"column":53}},"22":{"start":{"line":38,"column":2},"end":{"line":38,"column":54}}},"fnMap":{"0":{"name":"(anonymous_0)","decl":{"start":{"line":3,"column":19},"end":{"line":3,"column":20}},"loc":{"start":{"line":3,"column":46},"end":{"line":3,"column":80}},"line":3},"1":{"name":"(anonymous_1)","decl":{"start":{"line":5,"column":18},"end":{"line":5,"column":19}},"loc":{"start":{"line":5,"column":36},"end":{"line":12,"column":1}},"line":5},"2":{"name":"(anonymous_2)","decl":{"start":{"line":10,"column":27},"end":{"line":10,"column":28}},"loc":{"start":{"line":10,"column":39},"end":{"line":10,"column":84}},"line":10},"3":{"name":"(anonymous_3)","decl":{"start":{"line":14,"column":16},"end":{"line":14,"column":17}},"loc":{"start":{"line":14,"column":37},"end":{"line":39,"column":1}},"line":14},"4":{"name":"(anonymous_4)","decl":{"start":{"line":18,"column":25},"end":{"line":18,"column":26}},"loc":{"start":{"line":18,"column":35},"end":{"line":36,"column":3}},"line":18}},"branchMap":{"0":{"loc":{"start":{"line":3,"column":27},"end":{"line":3,"column":41}},"type":"default-arg","locations":[{"start":{"line":3,"column":40},"end":{"line":3,"column":41}}],"line":3},"1":{"loc":{"start":{"line":6,"column":2},"end":{"line":6,"column":38}},"type":"if","locations":[{"start":{"line":6,"column":2},"end":{"line":6,"column":38}},{"start":{},"end":{}}],"line":6},"2":{"loc":{"start":{"line":14,"column":23},"end":{"line":14,"column":32}},"type":"default-arg","locations":[{"start":{"line":14,"column":31},"end":{"line":14,"column":32}}],"line":14},"3":{"loc":{"start":{"line":15,"column":2},"end":{"line":15,"column":36}},"type":"if","locations":[{"start":{"line":15,"column":2},"end":{"line":15,"column":36}},{"start":{},"end":{}}],"line":15},"4":{"loc":{"start":{"line":19,"column":4},"end":{"line":35,"column":5}},"type":"switch","locations":[{"start":{"line":20,"column":6},"end":{"line":21,"column":77}},{"start":{"line":22,"column":6},"end":{"line":26,"column":20}},{"start":{"line":27,"column":6},"end":{"line":28,"column":72}},{"start":{"line":29,"column":6},"end":{"line":30,"column":72}},{"start":{"line":31,"column":6},"end":{"line":32,"column":72}},{"start":{"line":33,"column":6},"end":{"line":34,"column":53}}],"line":19}},"s":{"0":1,"1":6,"2":1,"3":26,"4":26,"5":0,"6":0,"7":0,"8":0,"9":0,"10":1,"11":8,"12":2,"13":6,"14":6,"15":22,"16":0,"17":4,"18":4,"19":8,"20":6,"21":0,"22":6},"f":{"0":6,"1":26,"2":0,"3":8,"4":22},"b":{"0":[6],"1":[26,0],"2":[8],"3":[2,6],"4":[0,4,4,8,6,0]},"_coverageSchema":"1a1c01bbd47fc00a2c39e90264f33305004495a9","hash":"b30a2b19cdad531a340e4a42aca921c9590d9ad5"}
}
