TN:
SF:src/diffBuilder.js
FN:3,(anonymous_0)
FN:7,(anonymous_1)
FNF:2
FNH:2
FNDA:12,(anonymous_0)
FNDA:50,(anonymous_1)
DA:3,1
DA:5,12
DA:7,12
DA:8,50
DA:9,20
DA:11,30
DA:12,10
DA:15,20
DA:16,20
DA:18,20
DA:19,0
DA:26,20
DA:27,10
DA:34,10
LF:14
LH:13
BRDA:8,0,0,20
BRDA:8,0,1,30
BRDA:11,1,0,10
BRDA:11,1,1,20
BRDA:18,2,0,0
BRDA:18,2,1,20
BRDA:18,3,0,20
BRDA:18,3,1,0
BRDA:26,4,0,10
BRDA:26,4,1,10
BRF:10
BRH:8
end_of_record
TN:
SF:src/index.js
FN:7,(anonymous_0)
FN:12,(anonymous_1)
FN:14,(anonymous_2)
FN:20,(anonymous_3)
FNF:4
FNH:4
FNDA:24,(anonymous_0)
FNDA:24,(anonymous_1)
FNDA:24,(anonymous_2)
FNDA:12,(anonymous_3)
DA:7,1
DA:8,24
DA:9,24
DA:12,24
DA:14,1
DA:15,24
DA:16,24
DA:17,24
DA:20,1
DA:21,12
DA:22,12
DA:23,12
DA:25,12
LF:13
LH:13
BRDA:20,0,0,4
BRF:1
BRH:1
end_of_record
TN:
SF:src/parsers.js
FN:3,(anonymous_0)
FN:4,(anonymous_1)
FN:6,(anonymous_2)
FNF:3
FNH:3
FNDA:14,(anonymous_0)
FNDA:10,(anonymous_1)
FNDA:24,(anonymous_2)
DA:3,14
DA:4,10
DA:6,1
DA:7,24
DA:9,14
DA:12,10
DA:14,0
LF:7
LH:6
BRDA:7,0,0,14
BRDA:7,0,1,10
BRDA:7,0,2,10
BRDA:7,0,3,0
BRF:4
BRH:3
end_of_record
TN:
SF:src/formatters/index.js
FN:5,(anonymous_0)
FNF:1
FNH:1
FNDA:12,(anonymous_0)
DA:5,1
DA:6,12
DA:8,6
DA:10,2
DA:12,2
DA:14,2
LF:6
LH:6
BRDA:6,0,0,6
BRDA:6,0,1,2
BRDA:6,0,2,2
BRDA:6,0,3,2
BRF:4
BRH:4
end_of_record
TN:
SF:src/formatters/json.js
FN:1,(anonymous_0)
FNF:1
FNH:1
FNDA:2,(anonymous_0)
DA:1,2
LF:1
LH:1
BRF:0
BRH:0
end_of_record
TN:
SF:src/formatters/plain.js
FN:3,(anonymous_0)
FN:8,(anonymous_1)
FN:9,(anonymous_2)
FNF:3
FNH:3
FNDA:6,(anonymous_0)
FNDA:2,(anonymous_1)
FNDA:10,(anonymous_2)
DA:3,1
DA:4,6
DA:5,6
DA:8,1
DA:9,2
DA:10,10
DA:11,10
DA:13,2
DA:15,0
DA:17,2
DA:19,4
DA:21,2
DA:23,0
DA:26,2
LF:14
LH:12
BRDA:4,0,0,0
BRDA:4,0,1,6
BRDA:5,1,0,0
BRDA:5,1,1,6
BRDA:8,2,0,2
BRDA:10,3,0,0
BRDA:10,3,1,10
BRDA:11,4,0,2
BRDA:11,4,1,0
BRDA:11,4,2,2
BRDA:11,4,3,4
BRDA:11,4,4,2
BRDA:11,4,5,0
BRF:13
BRH:8
end_of_record
TN:
SF:src/formatters/stylish.js
FN:3,(anonymous_0)
FN:5,(anonymous_1)
FN:10,(anonymous_2)
FN:14,(anonymous_3)
FN:18,(anonymous_4)
FNF:5
FNH:4
FNDA:4,(anonymous_0)
FNDA:24,(anonymous_1)
FNDA:0,(anonymous_2)
FNDA:6,(anonymous_3)
FNDA:20,(anonymous_4)
DA:3,4
DA:5,1
DA:6,24
DA:8,0
DA:9,0
DA:10,0
DA:11,0
DA:14,1
DA:15,6
DA:16,4
DA:18,4
DA:19,20
DA:21,0
DA:23,4
DA:28,4
DA:30,8
DA:32,4
DA:34,0
DA:38,4
LF:19
LH:13
BRDA:3,0,0,4
BRDA:6,1,0,24
BRDA:6,1,1,0
BRDA:14,2,0,6
BRDA:15,3,0,2
BRDA:15,3,1,4
BRDA:19,4,0,0
BRDA:19,4,1,4
BRDA:19,4,2,4
BRDA:19,4,3,8
BRDA:19,4,4,4
BRDA:19,4,5,0
BRF:12
BRH:9
end_of_record
