TN:
SF:src/index.js
FN:7,(anonymous_0)
FN:12,(anonymous_1)
FN:17,(anonymous_2)
FN:23,(anonymous_3)
FN:25,(anonymous_4)
FN:55,(anonymous_5)
FNF:6
FNH:6
FNDA:4,(anonymous_0)
FNDA:4,(anonymous_1)
FNDA:4,(anonymous_2)
FNDA:14,(anonymous_3)
FNDA:52,(anonymous_4)
FNDA:14,(anonymous_5)
DA:7,1
DA:8,4
DA:9,4
DA:12,1
DA:13,4
DA:14,4
DA:17,1
DA:18,4
DA:19,4
DA:20,4
DA:23,1
DA:24,14
DA:25,14
DA:26,52
DA:27,20
DA:29,32
DA:30,10
DA:33,22
DA:34,22
DA:35,22
DA:36,0
DA:43,22
DA:44,10
DA:51,12
DA:55,1
DA:56,14
DA:57,14
LF:27
LH:26
BRDA:26,0,0,20
BRDA:26,0,1,32
BRDA:29,1,0,10
BRDA:29,1,1,22
BRDA:35,2,0,0
BRDA:35,2,1,22
BRDA:35,3,0,22
BRDA:35,3,1,0
BRDA:43,4,0,10
BRDA:43,4,1,12
BRDA:55,5,0,6
BRF:11
BRH:9
end_of_record
TN:
SF:src/parsers.js
FN:9,(anonymous_0)
FNF:1
FNH:1
FNDA:4,(anonymous_0)
DA:3,1
DA:9,1
DA:10,4
DA:11,4
DA:12,0
DA:14,4
LF:6
LH:5
BRDA:11,0,0,0
BRDA:11,0,1,4
BRF:2
BRH:1
end_of_record
TN:
SF:src/formatters/index.js
FN:5,(anonymous_0)
FNF:1
FNH:1
FNDA:14,(anonymous_0)
DA:5,1
DA:6,14
DA:8,8
DA:10,2
DA:12,2
DA:14,2
LF:6
LH:6
BRDA:6,0,0,8
BRDA:6,0,1,2
BRDA:6,0,2,2
BRDA:6,0,3,2
BRF:4
BRH:4
end_of_record
TN:
SF:src/formatters/json.js
FN:2,(anonymous_0)
FN:9,(anonymous_1)
FNF:2
FNH:2
FNDA:2,(anonymous_0)
FNDA:10,(anonymous_1)
DA:2,1
DA:3,2
DA:9,2
DA:10,10
DA:12,4
DA:13,4
DA:15,2
DA:16,2
DA:18,2
DA:24,2
DA:26,2
DA:30,2
LF:12
LH:12
BRDA:10,0,0,4
BRDA:10,0,1,2
BRDA:10,0,2,2
BRDA:10,0,3,2
BRF:4
BRH:4
end_of_record
TN:
SF:src/formatters/plain.js
FN:3,(anonymous_0)
FN:8,(anonymous_1)
FN:9,(anonymous_2)
FNF:3
FNH:3
FNDA:6,(anonymous_0)
FNDA:2,(anonymous_1)
FNDA:10,(anonymous_2)
DA:3,1
DA:4,6
DA:5,6
DA:8,1
DA:9,2
DA:10,10
DA:11,10
DA:13,2
DA:15,0
DA:17,2
DA:19,4
DA:21,2
DA:23,0
DA:26,2
LF:14
LH:12
BRDA:4,0,0,0
BRDA:4,0,1,6
BRDA:5,1,0,0
BRDA:5,1,1,6
BRDA:8,2,0,2
BRDA:10,3,0,0
BRDA:10,3,1,10
BRDA:11,4,0,2
BRDA:11,4,1,0
BRDA:11,4,2,2
BRDA:11,4,3,4
BRDA:11,4,4,2
BRDA:11,4,5,0
BRF:13
BRH:8
end_of_record
TN:
SF:src/formatters/stylish.js
FN:3,(anonymous_0)
FN:5,(anonymous_1)
FN:10,(anonymous_2)
FN:14,(anonymous_3)
FN:18,(anonymous_4)
FNF:5
FNH:4
FNDA:6,(anonymous_0)
FNDA:26,(anonymous_1)
FNDA:0,(anonymous_2)
FNDA:8,(anonymous_3)
FNDA:22,(anonymous_4)
DA:3,6
DA:5,1
DA:6,26
DA:8,0
DA:9,0
DA:10,0
DA:11,0
DA:14,1
DA:15,8
DA:16,6
DA:18,6
DA:19,22
DA:21,0
DA:23,4
DA:28,4
DA:30,8
DA:32,6
DA:34,0
DA:38,6
LF:19
LH:13
BRDA:3,0,0,6
BRDA:6,1,0,26
BRDA:6,1,1,0
BRDA:14,2,0,8
BRDA:15,3,0,2
BRDA:15,3,1,6
BRDA:19,4,0,0
BRDA:19,4,1,4
BRDA:19,4,2,4
BRDA:19,4,3,8
BRDA:19,4,4,6
BRDA:19,4,5,0
BRF:12
BRH:9
end_of_record
